07/14/22 9:12:58: main.scss - `` file not found for @import: ./01.base/_global.scss on line 22, at column 13
Call Stack:
#0 import ./01.base/_01.base.scss main.scss on line 2
07/14/22 9:13:14: main.scss - `` file not found for @import: ./01.base/_global.scss on line 22, at column 13
Call Stack:
#0 import ./01.base/_01.base.scss main.scss on line 2
07/14/22 9:13:19: main.scss - `` file not found for @import: ./01.base/_global.scss on line 22, at column 13
Call Stack:
#0 import ./01.base/_01.base.scss main.scss on line 2
07/14/22 9:13:24: main.scss - `` file not found for @import: ./01.base/_global.scss on line 22, at column 13
Call Stack:
#0 import ./01.base/_01.base.scss main.scss on line 2
07/14/22 9:13:28: main.scss - `` file not found for @import: ./01.base/_global.scss on line 22, at column 13
Call Stack:
#0 import ./01.base/_01.base.scss main.scss on line 2
07/14/22 9:13:42: main.scss - `` file not found for @import: ./01.base/_global.scss on line 22, at column 13
Call Stack:
#0 import ./01.base/_01.base.scss main.scss on line 2
07/14/22 9:13:45: main.scss - `` file not found for @import: ./01.base/_global.scss on line 22, at column 13
Call Stack:
#0 import ./01.base/_01.base.scss main.scss on line 2
07/14/22 9:13:50: main.scss - `` file not found for @import: ./01.base/_global.scss on line 22, at column 13
Call Stack:
#0 import ./01.base/_01.base.scss main.scss on line 2
07/14/22 9:13:57: main.scss - `` file not found for @import: ./01.base/_global.scss on line 22, at column 13
Call Stack:
#0 import ./01.base/_01.base.scss main.scss on line 2
07/14/22 9:14:02: main.scss - `` file not found for @import: ./01.base/_global.scss on line 22, at column 13
Call Stack:
#0 import ./01.base/_01.base.scss main.scss on line 2
07/14/22 9:14:03: main.scss - `` file not found for @import: ./01.base/_global.scss on line 22, at column 13
Call Stack:
#0 import ./01.base/_01.base.scss main.scss on line 2
07/14/22 9:14:08: main.scss - `` file not found for @import: ./01.base/_global.scss on line 22, at column 13
Call Stack:
#0 import ./01.base/_01.base.scss main.scss on line 2
07/14/22 9:14:13: main.scss - `` file not found for @import: ./01.base/_global.scss on line 22, at column 13
Call Stack:
#0 import ./01.base/_01.base.scss main.scss on line 2
07/14/22 9:14:14: main.scss - `` file not found for @import: ./01.base/_global.scss on line 22, at column 13
Call Stack:
#0 import ./01.base/_01.base.scss main.scss on line 2
07/14/22 9:14:14: main.scss - `` file not found for @import: ./01.base/_global.scss on line 22, at column 13
Call Stack:
#0 import ./01.base/_01.base.scss main.scss on line 2
07/14/22 9:14:14: main.scss - `` file not found for @import: ./01.base/_global.scss on line 22, at column 13
Call Stack:
#0 import ./01.base/_01.base.scss main.scss on line 2
07/14/22 9:15:15: main.scss - `` file not found for @import: ./01.base/_global.scss on line 22, at column 13
Call Stack:
#0 import ./01.base/_01.base.scss main.scss on line 2
07/14/22 9:15:42: main.scss - `` file not found for @import: ./01.base/_global.scss on line 22, at column 13
Call Stack:
#0 import ./01.base/_01.base.scss main.scss on line 2
07/14/22 9:15:43: main.scss - `` file not found for @import: ./01.base/_global.scss on line 22, at column 13
Call Stack:
#0 import ./01.base/_01.base.scss main.scss on line 2
07/14/22 9:15:43: main.scss - `` file not found for @import: ./01.base/_global.scss on line 22, at column 13
Call Stack:
#0 import ./01.base/_01.base.scss main.scss on line 2
07/14/22 9:15:43: main.scss - `` file not found for @import: ./01.base/_global.scss on line 22, at column 13
Call Stack:
#0 import ./01.base/_01.base.scss main.scss on line 2
07/14/22 9:15:54: main.scss - `` file not found for @import: ./01.base/_global.scss on line 22, at column 13
Call Stack:
#0 import ./01.base/_01.base.scss main.scss on line 2
07/14/22 9:15:56: main.scss - `` file not found for @import: ./01.base/_global.scss on line 22, at column 13
Call Stack:
#0 import ./01.base/_01.base.scss main.scss on line 2
07/14/22 9:16:11: main.scss - `` file not found for @import: ./01.base/_global.scss on line 22, at column 13
Call Stack:
#0 import ./01.base/_01.base.scss main.scss on line 2
07/14/22 9:16:26: main.scss - `` file not found for @import: ./01.base/_global.scss on line 22, at column 13
Call Stack:
#0 import ./01.base/_01.base.scss main.scss on line 2
07/14/22 9:16:41: main.scss - `` file not found for @import: ./01.base/_global.scss on line 22, at column 13
Call Stack:
#0 import ./01.base/_01.base.scss main.scss on line 2
07/14/22 9:16:56: main.scss - `` file not found for @import: ./01.base/_global.scss on line 22, at column 13
Call Stack:
#0 import ./01.base/_01.base.scss main.scss on line 2
07/14/22 9:17:11: main.scss - `` file not found for @import: ./01.base/_global.scss on line 22, at column 13
Call Stack:
#0 import ./01.base/_01.base.scss main.scss on line 2
07/14/22 9:17:26: main.scss - `` file not found for @import: ./01.base/_global.scss on line 22, at column 13
Call Stack:
#0 import ./01.base/_01.base.scss main.scss on line 2
07/14/22 9:17:39: main.scss - `` file not found for @import: ./01.base/_global.scss on line 22, at column 13
Call Stack:
#0 import ./01.base/_01.base.scss main.scss on line 2
07/14/22 9:17:40: main.scss - `` file not found for @import: ./01.base/_global.scss on line 22, at column 13
Call Stack:
#0 import ./01.base/_01.base.scss main.scss on line 2
07/14/22 9:17:41: main.scss - `` file not found for @import: ./01.base/_global.scss on line 22, at column 13
Call Stack:
#0 import ./01.base/_01.base.scss main.scss on line 2
07/14/22 9:17:41: main.scss - `` file not found for @import: ./01.base/_global.scss on line 22, at column 13
Call Stack:
#0 import ./01.base/_01.base.scss main.scss on line 2
07/14/22 9:17:41: main.scss - `` file not found for @import: ./01.base/_global.scss on line 22, at column 13
Call Stack:
#0 import ./01.base/_01.base.scss main.scss on line 2
07/14/22 9:17:53: main.scss - `` file not found for @import: ./01.base/_global.scss on line 22, at column 13
Call Stack:
#0 import ./01.base/_01.base.scss main.scss on line 2
07/14/22 9:18:26: main.scss - `` file not found for @import: ./01.base/_global.scss on line 22, at column 13
Call Stack:
#0 import ./01.base/_01.base.scss main.scss on line 2
07/14/22 9:18:26: main.scss - `` file not found for @import: ./01.base/_global.scss on line 22, at column 13
Call Stack:
#0 import ./01.base/_01.base.scss main.scss on line 2
07/14/22 9:18:30: main.scss - `` file not found for @import: ./01.base/_global.scss on line 22, at column 13
Call Stack:
#0 import ./01.base/_01.base.scss main.scss on line 2
07/14/22 9:18:36: main.scss - `` file not found for @import: ./01.base/_global.scss on line 22, at column 13
Call Stack:
#0 import ./01.base/_01.base.scss main.scss on line 2
07/14/22 9:18:37: main.scss - `` file not found for @import: ./01.base/_global.scss on line 22, at column 13
Call Stack:
#0 import ./01.base/_01.base.scss main.scss on line 2
07/14/22 9:18:53: main.scss - `` file not found for @import: ./01.base/_global.scss on line 22, at column 13
Call Stack:
#0 import ./01.base/_01.base.scss main.scss on line 2
07/14/22 9:19:34: main.scss - `` file not found for @import: ./01.base/_global.scss on line 22, at column 13
Call Stack:
#0 import ./01.base/_01.base.scss main.scss on line 2
07/14/22 9:19:35: main.scss - `` file not found for @import: ./01.base/_global.scss on line 22, at column 13
Call Stack:
#0 import ./01.base/_01.base.scss main.scss on line 2
07/14/22 9:19:37: main.scss - `` file not found for @import: ./01.base/_global.scss on line 22, at column 13
Call Stack:
#0 import ./01.base/_01.base.scss main.scss on line 2
07/14/22 9:19:41: main.scss - `` file not found for @import: ./01.base/_global.scss on line 22, at column 13
Call Stack:
#0 import ./01.base/_01.base.scss main.scss on line 2
07/14/22 9:19:45: main.scss - `` file not found for @import: ./01.base/_global.scss on line 22, at column 13
Call Stack:
#0 import ./01.base/_01.base.scss main.scss on line 2
07/14/22 9:20:35: main.scss - `` file not found for @import: ./01.base/_global.scss on line 22, at column 13
Call Stack:
#0 import ./01.base/_01.base.scss main.scss on line 2
07/14/22 9:20:38: main.scss - `` file not found for @import: ./01.base/_global.scss on line 22, at column 13
Call Stack:
#0 import ./01.base/_01.base.scss main.scss on line 2
07/14/22 9:21:16: main.scss - `` file not found for @import: ./01.base/_global.scss on line 22, at column 13
Call Stack:
#0 import ./01.base/_01.base.scss main.scss on line 2
07/14/22 9:21:23: main.scss - `` file not found for @import: ./01.base/_global.scss on line 22, at column 13
Call Stack:
#0 import ./01.base/_01.base.scss main.scss on line 2
07/14/22 9:21:26: main.scss - `` file not found for @import: ./01.base/_global.scss on line 22, at column 13
Call Stack:
#0 import ./01.base/_01.base.scss main.scss on line 2
07/14/22 9:21:29: main.scss - `` file not found for @import: ./01.base/_global.scss on line 22, at column 13
Call Stack:
#0 import ./01.base/_01.base.scss main.scss on line 2
07/14/22 9:21:29: main.scss - `` file not found for @import: ./01.base/_global.scss on line 22, at column 13
Call Stack:
#0 import ./01.base/_01.base.scss main.scss on line 2
07/14/22 9:21:29: main.scss - `` file not found for @import: ./01.base/_global.scss on line 22, at column 13
Call Stack:
#0 import ./01.base/_01.base.scss main.scss on line 2
07/14/22 9:21:30: main.scss - `` file not found for @import: ./01.base/_global.scss on line 22, at column 13
Call Stack:
#0 import ./01.base/_01.base.scss main.scss on line 2
07/14/22 9:21:39: main.scss - `` file not found for @import: ./01.base/_global.scss on line 22, at column 13
Call Stack:
#0 import ./01.base/_01.base.scss main.scss on line 2
07/14/22 9:21:40: main.scss - `` file not found for @import: ./01.base/_global.scss on line 22, at column 13
Call Stack:
#0 import ./01.base/_01.base.scss main.scss on line 2
07/14/22 9:21:42: main.scss - `` file not found for @import: ./01.base/_global.scss on line 22, at column 13
Call Stack:
#0 import ./01.base/_01.base.scss main.scss on line 2
07/14/22 9:21:46: main.scss - `` file not found for @import: ./01.base/_global.scss on line 22, at column 13
Call Stack:
#0 import ./01.base/_01.base.scss main.scss on line 2
07/14/22 9:22:01: main.scss - `` file not found for @import: ./01.base/_global.scss on line 22, at column 13
Call Stack:
#0 import ./01.base/_01.base.scss main.scss on line 2
07/14/22 9:22:44: main.scss - `` file not found for @import: ./01.base/_global.scss on line 22, at column 13
Call Stack:
#0 import ./01.base/_01.base.scss main.scss on line 2
07/14/22 9:22:56: main.scss - `` file not found for @import: ./01.base/_global.scss on line 22, at column 13
Call Stack:
#0 import ./01.base/_01.base.scss main.scss on line 2
07/14/22 9:22:57: main.scss - `` file not found for @import: ./01.base/_global.scss on line 22, at column 13
Call Stack:
#0 import ./01.base/_01.base.scss main.scss on line 2
07/14/22 9:23:08: main.scss - `` file not found for @import: ./01.base/_global.scss on line 22, at column 13
Call Stack:
#0 import ./01.base/_01.base.scss main.scss on line 2
07/14/22 9:23:09: main.scss - `` file not found for @import: ./01.base/_global.scss on line 22, at column 13
Call Stack:
#0 import ./01.base/_01.base.scss main.scss on line 2
07/14/22 9:23:38: main.scss - `` file not found for @import: ./01.base/_global.scss on line 22, at column 13
Call Stack:
#0 import ./01.base/_01.base.scss main.scss on line 2
07/14/22 9:23:41: main.scss - `` file not found for @import: ./01.base/_global.scss on line 22, at column 13
Call Stack:
#0 import ./01.base/_01.base.scss main.scss on line 2
07/14/22 9:23:44: main.scss - `` file not found for @import: ./01.base/_global.scss on line 22, at column 13
Call Stack:
#0 import ./01.base/_01.base.scss main.scss on line 2
07/14/22 9:23:55: main.scss - `` file not found for @import: ./01.base/_global.scss on line 22, at column 13
Call Stack:
#0 import ./01.base/_01.base.scss main.scss on line 2
07/14/22 9:23:56: main.scss - `` file not found for @import: ./01.base/_global.scss on line 22, at column 13
Call Stack:
#0 import ./01.base/_01.base.scss main.scss on line 2
07/14/22 9:24:00: main.scss - `` file not found for @import: ./01.base/_global.scss on line 22, at column 13
Call Stack:
#0 import ./01.base/_01.base.scss main.scss on line 2
07/14/22 9:24:02: main.scss - `` file not found for @import: ./01.base/_global.scss on line 22, at column 13
Call Stack:
#0 import ./01.base/_01.base.scss main.scss on line 2
07/14/22 9:24:02: main.scss - `` file not found for @import: ./01.base/_global.scss on line 22, at column 13
Call Stack:
#0 import ./01.base/_01.base.scss main.scss on line 2
07/14/22 9:24:13: main.scss - `` file not found for @import: ./01.base/_global.scss on line 22, at column 13
Call Stack:
#0 import ./01.base/_01.base.scss main.scss on line 2
07/14/22 9:24:24: main.scss - `` file not found for @import: ./01.base/_global.scss on line 22, at column 13
Call Stack:
#0 import ./01.base/_01.base.scss main.scss on line 2
07/14/22 9:24:26: main.scss - `` file not found for @import: ./01.base/_global.scss on line 22, at column 13
Call Stack:
#0 import ./01.base/_01.base.scss main.scss on line 2
07/14/22 9:24:31: main.scss - `` file not found for @import: ./01.base/_global.scss on line 22, at column 13
Call Stack:
#0 import ./01.base/_01.base.scss main.scss on line 2
07/14/22 9:24:41: main.scss - `` file not found for @import: ./01.base/_global.scss on line 22, at column 13
Call Stack:
#0 import ./01.base/_01.base.scss main.scss on line 2
07/14/22 9:24:52: main.scss - `` file not found for @import: ./01.base/_global.scss on line 22, at column 13
Call Stack:
#0 import ./01.base/_01.base.scss main.scss on line 2
07/14/22 9:25:02: main.scss - `` file not found for @import: ./01.base/_global.scss on line 22, at column 13
Call Stack:
#0 import ./01.base/_01.base.scss main.scss on line 2
07/14/22 9:25:05: main.scss - `` file not found for @import: ./01.base/_global.scss on line 22, at column 13
Call Stack:
#0 import ./01.base/_01.base.scss main.scss on line 2
07/14/22 9:25:05: main.scss - `` file not found for @import: ./01.base/_global.scss on line 22, at column 13
Call Stack:
#0 import ./01.base/_01.base.scss main.scss on line 2
07/14/22 9:25:13: main.scss - `` file not found for @import: ./01.base/_global.scss on line 22, at column 13
Call Stack:
#0 import ./01.base/_01.base.scss main.scss on line 2
07/14/22 9:25:25: main.scss - `` file not found for @import: ./01.base/_global.scss on line 22, at column 13
Call Stack:
#0 import ./01.base/_01.base.scss main.scss on line 2
07/14/22 9:25:27: main.scss - `` file not found for @import: ./01.base/_global.scss on line 22, at column 13
Call Stack:
#0 import ./01.base/_01.base.scss main.scss on line 2
07/14/22 9:25:30: main.scss - `` file not found for @import: ./01.base/_global.scss on line 22, at column 13
Call Stack:
#0 import ./01.base/_01.base.scss main.scss on line 2
07/14/22 9:25:37: main.scss - `` file not found for @import: ./01.base/_global.scss on line 22, at column 13
Call Stack:
#0 import ./01.base/_01.base.scss main.scss on line 2
07/14/22 9:25:42: main.scss - `` file not found for @import: ./01.base/_global.scss on line 22, at column 13
Call Stack:
#0 import ./01.base/_01.base.scss main.scss on line 2
07/14/22 9:26:08: main.scss - `` file not found for @import: ./01.base/_global.scss on line 22, at column 13
Call Stack:
#0 import ./01.base/_01.base.scss main.scss on line 2
07/14/22 9:26:40: main.scss - `` file not found for @import: ./01.base/_global.scss on line 22, at column 13
Call Stack:
#0 import ./01.base/_01.base.scss main.scss on line 2
07/14/22 9:28:38: main.scss - `` file not found for @import: ./01.base/_global.scss on line 22, at column 13
Call Stack:
#0 import ./01.base/_01.base.scss main.scss on line 2
07/14/22 9:28:42: main.scss - `` file not found for @import: ./01.base/_global.scss on line 22, at column 13
Call Stack:
#0 import ./01.base/_01.base.scss main.scss on line 2
07/14/22 9:29:38: main.scss - `` file not found for @import: ./01.base/_global.scss on line 22, at column 13
Call Stack:
#0 import ./01.base/_01.base.scss main.scss on line 2
07/14/22 9:30:38: main.scss - `` file not found for @import: ./01.base/_global.scss on line 22, at column 13
Call Stack:
#0 import ./01.base/_01.base.scss main.scss on line 2
07/14/22 9:32:39: main.scss - `` file not found for @import: ./01.base/_global.scss on line 22, at column 13
Call Stack:
#0 import ./01.base/_01.base.scss main.scss on line 2
07/14/22 9:34:40: main.scss - `` file not found for @import: ./01.base/_global.scss on line 22, at column 13
Call Stack:
#0 import ./01.base/_01.base.scss main.scss on line 2
07/14/22 9:36:41: main.scss - `` file not found for @import: ./01.base/_global.scss on line 22, at column 13
Call Stack:
#0 import ./01.base/_01.base.scss main.scss on line 2
07/14/22 9:38:42: main.scss - `` file not found for @import: ./01.base/_global.scss on line 22, at column 13
Call Stack:
#0 import ./01.base/_01.base.scss main.scss on line 2
07/14/22 9:40:43: main.scss - `` file not found for @import: ./01.base/_global.scss on line 22, at column 13
Call Stack:
#0 import ./01.base/_01.base.scss main.scss on line 2
07/14/22 9:56:23: main.scss - `` file not found for @import: ./01.base/_global.scss on line 22, at column 13
Call Stack:
#0 import ./01.base/_01.base.scss main.scss on line 2
07/14/22 9:56:24: main.scss - `` file not found for @import: ./01.base/_global.scss on line 22, at column 13
Call Stack:
#0 import ./01.base/_01.base.scss main.scss on line 2
07/14/22 9:57:24: main.scss - `` file not found for @import: ./01.base/_global.scss on line 22, at column 13
Call Stack:
#0 import ./01.base/_01.base.scss main.scss on line 2
07/14/22 9:59:25: main.scss - `` file not found for @import: ./01.base/_global.scss on line 22, at column 13
Call Stack:
#0 import ./01.base/_01.base.scss main.scss on line 2
07/14/22 10:01:26: main.scss - `` file not found for @import: ./01.base/_global.scss on line 22, at column 13
Call Stack:
#0 import ./01.base/_01.base.scss main.scss on line 2
07/14/22 10:03:27: main.scss - `` file not found for @import: ./01.base/_global.scss on line 22, at column 13
Call Stack:
#0 import ./01.base/_01.base.scss main.scss on line 2
07/14/22 10:05:28: main.scss - `` file not found for @import: ./01.base/_global.scss on line 22, at column 13
Call Stack:
#0 import ./01.base/_01.base.scss main.scss on line 2
07/14/22 10:07:05: main.scss - `` file not found for @import: ./01.base/_global.scss on line 22, at column 13
Call Stack:
#0 import ./01.base/_01.base.scss main.scss on line 2
07/14/22 10:08:05: main.scss - `` file not found for @import: ./01.base/_global.scss on line 22, at column 13
Call Stack:
#0 import ./01.base/_01.base.scss main.scss on line 2
07/14/22 10:09:05: main.scss - `` file not found for @import: ./01.base/_global.scss on line 22, at column 13
Call Stack:
#0 import ./01.base/_01.base.scss main.scss on line 2
07/14/22 10:10:06: main.scss - `` file not found for @import: ./01.base/_global.scss on line 22, at column 13
Call Stack:
#0 import ./01.base/_01.base.scss main.scss on line 2
07/14/22 10:12:07: main.scss - `` file not found for @import: ./01.base/_global.scss on line 22, at column 13
Call Stack:
#0 import ./01.base/_01.base.scss main.scss on line 2
07/14/22 10:14:08: main.scss - `` file not found for @import: ./01.base/_global.scss on line 22, at column 13
Call Stack:
#0 import ./01.base/_01.base.scss main.scss on line 2
07/14/22 10:16:09: main.scss - `` file not found for @import: ./01.base/_global.scss on line 22, at column 13
Call Stack:
#0 import ./01.base/_01.base.scss main.scss on line 2
07/14/22 10:18:10: main.scss - `` file not found for @import: ./01.base/_global.scss on line 22, at column 13
Call Stack:
#0 import ./01.base/_01.base.scss main.scss on line 2
07/14/22 11:31:14: main.scss - `` file not found for @import: ./01.base/_global.scss on line 22, at column 13
Call Stack:
#0 import ./01.base/_01.base.scss main.scss on line 2
07/14/22 11:31:14: main.scss - `` file not found for @import: ./01.base/_global.scss on line 22, at column 13
Call Stack:
#0 import ./01.base/_01.base.scss main.scss on line 2
07/14/22 11:32:14: main.scss - `./01.templates/01.templates` file not found for @import: main.scss on line 5, at column 1
07/14/22 11:34:15: main.scss - `./01.templates/01.templates` file not found for @import: main.scss on line 5, at column 1
07/19/22 4:09:09: main.scss - Undefined mixin btn-transitions: ./01.base/_global.scss on line 29, at column 9
Call Stack:
#0 mixin body ./01.base/_global.scss on line 90
#1 import ./01.base/_global.scss ./01.base/_mixins.scss on line 164
#2 import ./01.base/_01.base.scss main.scss on line 2
